<?xml version="1.0" encoding="UTF-8"?>
<robot generator="Robot 3.2.2 (Python 3.9.0 on win32)" generated="20211111 18:41:14.900" rpa="false">
<suite id="s1" name="AddEveryone" source="C:\Users\Stijn\Desktop\Projecten\Python\Project_Snapchat\V.3.0 release\Application\AddEveryone.robot">
<test id="s1-t1" name="Loading Settings">
<kw name="Load Settings" library="Android-res">
<kw name="Load JSON From File" library="JSONLibrary">
<doc>Load JSON from file.</doc>
<arguments>
<arg>Settings.json</arg>
</arguments>
<assign>
<var>${json_obj}</var>
</assign>
<msg timestamp="20211111 18:41:15.285" level="INFO">${json_obj} = {'EmailUsername': 'testtest4028', 'Password': 'TestTest1', 'StorySettings': 0, 'InputText': {'Accept': 'leuk dat je mij hebt toegevoegd', 'QuickAdd': 'hey', 'AddAnyone': '😄 hey leuk dat je mij terug h...</msg>
<status status="PASS" starttime="20211111 18:41:15.285" endtime="20211111 18:41:15.285"></status>
</kw>
<kw name="Get Value From Json" library="JSONLibrary">
<doc>Get Value From JSON using JSONPath</doc>
<arguments>
<arg>${json_obj}</arg>
<arg>$.EmailUsername</arg>
</arguments>
<assign>
<var>${User}</var>
</assign>
<msg timestamp="20211111 18:41:15.308" level="INFO">${User} = ['testtest4028']</msg>
<status status="PASS" starttime="20211111 18:41:15.285" endtime="20211111 18:41:15.308"></status>
</kw>
<kw name="Set Global Variable" library="BuiltIn">
<doc>Makes a variable available globally in all tests and suites.</doc>
<arguments>
<arg>${UserName}</arg>
<arg>${User}</arg>
</arguments>
<msg timestamp="20211111 18:41:15.309" level="INFO">${UserName} = ['testtest4028']</msg>
<status status="PASS" starttime="20211111 18:41:15.308" endtime="20211111 18:41:15.309"></status>
</kw>
<kw name="Get Value From Json" library="JSONLibrary">
<doc>Get Value From JSON using JSONPath</doc>
<arguments>
<arg>${json_obj}</arg>
<arg>$.Password</arg>
</arguments>
<assign>
<var>${Pass}</var>
</assign>
<msg timestamp="20211111 18:41:15.340" level="INFO">${Pass} = ['TestTest1']</msg>
<status status="PASS" starttime="20211111 18:41:15.309" endtime="20211111 18:41:15.340"></status>
</kw>
<kw name="Set Global Variable" library="BuiltIn">
<doc>Makes a variable available globally in all tests and suites.</doc>
<arguments>
<arg>${Password}</arg>
<arg>${Pass}</arg>
</arguments>
<msg timestamp="20211111 18:41:15.341" level="INFO">${Password} = ['TestTest1']</msg>
<status status="PASS" starttime="20211111 18:41:15.340" endtime="20211111 18:41:15.341"></status>
</kw>
<kw name="Get Value From Json" library="JSONLibrary">
<doc>Get Value From JSON using JSONPath</doc>
<arguments>
<arg>${json_obj}</arg>
<arg>$.InputText.Accept</arg>
</arguments>
<assign>
<var>${Accept}</var>
</assign>
<msg timestamp="20211111 18:41:15.361" level="INFO">${Accept} = ['leuk dat je mij hebt toegevoegd']</msg>
<status status="PASS" starttime="20211111 18:41:15.341" endtime="20211111 18:41:15.361"></status>
</kw>
<kw name="Set Global Variable" library="BuiltIn">
<doc>Makes a variable available globally in all tests and suites.</doc>
<arguments>
<arg>${AcceptText}</arg>
<arg>${Accept}</arg>
</arguments>
<msg timestamp="20211111 18:41:15.362" level="INFO">${AcceptText} = ['leuk dat je mij hebt toegevoegd']</msg>
<status status="PASS" starttime="20211111 18:41:15.361" endtime="20211111 18:41:15.362"></status>
</kw>
<kw name="Get Value From Json" library="JSONLibrary">
<doc>Get Value From JSON using JSONPath</doc>
<arguments>
<arg>${json_obj}</arg>
<arg>$.InputText.QuickAdd</arg>
</arguments>
<assign>
<var>${QuickAdd}</var>
</assign>
<msg timestamp="20211111 18:41:15.382" level="INFO">${QuickAdd} = ['hey']</msg>
<status status="PASS" starttime="20211111 18:41:15.363" endtime="20211111 18:41:15.382"></status>
</kw>
<kw name="Set Global Variable" library="BuiltIn">
<doc>Makes a variable available globally in all tests and suites.</doc>
<arguments>
<arg>${QuickAddText}</arg>
<arg>${QuickAdd}</arg>
</arguments>
<msg timestamp="20211111 18:41:15.383" level="INFO">${QuickAddText} = ['hey']</msg>
<status status="PASS" starttime="20211111 18:41:15.382" endtime="20211111 18:41:15.383"></status>
</kw>
<kw name="Get Value From Json" library="JSONLibrary">
<doc>Get Value From JSON using JSONPath</doc>
<arguments>
<arg>${json_obj}</arg>
<arg>$.InputText.AddAnyone</arg>
</arguments>
<assign>
<var>${AddAnyone}</var>
</assign>
<msg timestamp="20211111 18:41:15.403" level="INFO">${AddAnyone} = ['😄 hey leuk dat je mij terug hebt toegevoegd 😄']</msg>
<status status="PASS" starttime="20211111 18:41:15.383" endtime="20211111 18:41:15.403"></status>
</kw>
<kw name="Set Global Variable" library="BuiltIn">
<doc>Makes a variable available globally in all tests and suites.</doc>
<arguments>
<arg>${AddAnyoneText}</arg>
<arg>${AddAnyone}</arg>
</arguments>
<msg timestamp="20211111 18:41:15.404" level="INFO">${AddAnyoneText} = ['😄 hey leuk dat je mij terug hebt toegevoegd 😄']</msg>
<status status="PASS" starttime="20211111 18:41:15.403" endtime="20211111 18:41:15.404"></status>
</kw>
<kw name="Get Value From Json" library="JSONLibrary">
<doc>Get Value From JSON using JSONPath</doc>
<arguments>
<arg>${json_obj}</arg>
<arg>$.StorySettings</arg>
</arguments>
<assign>
<var>${StoryPhoto}</var>
</assign>
<msg timestamp="20211111 18:41:15.423" level="INFO">${StoryPhoto} = [0]</msg>
<status status="PASS" starttime="20211111 18:41:15.404" endtime="20211111 18:41:15.423"></status>
</kw>
<kw name="Set Global Variable" library="BuiltIn">
<doc>Makes a variable available globally in all tests and suites.</doc>
<arguments>
<arg>${StoryPhotonumber}</arg>
<arg>${StoryPhoto}</arg>
</arguments>
<msg timestamp="20211111 18:41:15.424" level="INFO">${StoryPhotonumber} = [0]</msg>
<status status="PASS" starttime="20211111 18:41:15.423" endtime="20211111 18:41:15.424"></status>
</kw>
<status status="PASS" starttime="20211111 18:41:15.284" endtime="20211111 18:41:15.424"></status>
</kw>
<status status="PASS" starttime="20211111 18:41:15.284" endtime="20211111 18:41:15.424" critical="yes"></status>
</test>
<test id="s1-t2" name="Login">
<kw name="Open Snapchat Application" library="Android-res">
<kw name="Open Application" library="AppiumLibrary">
<doc>Opens a new application to given Appium server.
Capabilities of appium server, Android and iOS,
Please check https://github.com/appium/appium/blob/master/docs/en/writing-running-appium/server-args.md
| *Option*            | *Man.* | *Description*     |
| remote_url          | Yes    | Appium server url |
| alias               | no     | alias             |</doc>
<arguments>
<arg>http://localhost:4723/wd/hub</arg>
<arg>platformName=Android</arg>
<arg>autoGrantPermissions=true</arg>
<arg>deviceName=emulator-5554</arg>
<arg>appPackage=com.snapchat.android</arg>
<arg>appActivity=com.snap.mushroom.MainActivity</arg>
<arg>automationNama=Uiavtomator2</arg>
</arguments>
<status status="PASS" starttime="20211111 18:41:15.425" endtime="20211111 18:41:26.233"></status>
</kw>
<status status="PASS" starttime="20211111 18:41:15.425" endtime="20211111 18:41:26.234"></status>
</kw>
<kw name="Wait Until Page Contains Element" library="AppiumLibrary">
<doc>Waits until element specified with `locator` appears on current page.</doc>
<arguments>
<arg>${LOGIN-BUTTON-START}</arg>
</arguments>
<status status="PASS" starttime="20211111 18:41:26.234" endtime="20211111 18:41:27.264"></status>
</kw>
<kw name="Login-prosses" library="Android-res">
<arguments>
<arg>${UserName}</arg>
<arg>${Password}</arg>
</arguments>
<kw name="Login user" library="Android-res">
<kw name="Wait Until Page Contains Element" library="AppiumLibrary">
<doc>Waits until element specified with `locator` appears on current page.</doc>
<arguments>
<arg>${LOGIN-BUTTON-START}</arg>
</arguments>
<status status="PASS" starttime="20211111 18:41:27.265" endtime="20211111 18:41:27.281"></status>
</kw>
<kw name="Click Element" library="AppiumLibrary">
<doc>Click element identified by `locator`.</doc>
<arguments>
<arg>${LOGIN-BUTTON-START}</arg>
</arguments>
<msg timestamp="20211111 18:41:27.283" level="INFO">Clicking element 'id=com.snapchat.android:id/login_button_horizontal'.</msg>
<status status="PASS" starttime="20211111 18:41:27.281" endtime="20211111 18:41:27.339"></status>
</kw>
<status status="PASS" starttime="20211111 18:41:27.265" endtime="20211111 18:41:27.340"></status>
</kw>
<kw name="User email/name" library="Android-res">
<arguments>
<arg>${UserName}</arg>
</arguments>
<kw name="Wait Until Page Contains Element" library="AppiumLibrary">
<doc>Waits until element specified with `locator` appears on current page.</doc>
<arguments>
<arg>${LOGIN-EMAIL-FIELD}</arg>
</arguments>
<status status="PASS" starttime="20211111 18:41:27.340" endtime="20211111 18:41:28.535"></status>
</kw>
<kw name="Input Text" library="AppiumLibrary">
<doc>Types the given `text` into text field identified by `locator`.</doc>
<arguments>
<arg>${LOGIN-EMAIL-FIELD}</arg>
<arg>${UserName}</arg>
</arguments>
<msg timestamp="20211111 18:41:28.536" level="INFO">Typing text '['testtest4028']' into text field 'id=com.snapchat.android:id/username_or_email_field'</msg>
<status status="PASS" starttime="20211111 18:41:28.535" endtime="20211111 18:41:28.585"></status>
</kw>
<status status="PASS" starttime="20211111 18:41:27.340" endtime="20211111 18:41:28.585"></status>
</kw>
<kw name="Input user password" library="Android-res">
<arguments>
<arg>${Password}</arg>
</arguments>
<kw name="Input Text" library="AppiumLibrary">
<doc>Types the given `text` into text field identified by `locator`.</doc>
<arguments>
<arg>${PASSWORD-FIELD}</arg>
<arg>${Password}</arg>
</arguments>
<msg timestamp="20211111 18:41:28.587" level="INFO">Typing text '['TestTest1']' into text field 'id=com.snapchat.android:id/password_field'</msg>
<status status="PASS" starttime="20211111 18:41:28.586" endtime="20211111 18:41:29.095"></status>
</kw>
<status status="PASS" starttime="20211111 18:41:28.585" endtime="20211111 18:41:29.095"></status>
</kw>
<kw name="Submit login" library="Android-res">
<kw name="Click Element" library="AppiumLibrary">
<doc>Click element identified by `locator`.</doc>
<arguments>
<arg>${LOGIN-BUTTON}</arg>
</arguments>
<msg timestamp="20211111 18:41:29.097" level="INFO">Clicking element 'id=com.snapchat.android:id/nav_button'.</msg>
<status status="PASS" starttime="20211111 18:41:29.096" endtime="20211111 18:41:29.734"></status>
</kw>
<kw name="Set Appium Timeout" library="AppiumLibrary">
<doc>Sets the timeout in seconds used by various keywords.</doc>
<arguments>
<arg>20</arg>
</arguments>
<status status="PASS" starttime="20211111 18:41:29.734" endtime="20211111 18:41:29.734"></status>
</kw>
<status status="PASS" starttime="20211111 18:41:29.095" endtime="20211111 18:41:29.735"></status>
</kw>
<kw name="verify login is sucessful" library="Android-res">
<kw name="Wait Until Page Contains Element" library="AppiumLibrary">
<doc>Waits until element specified with `locator` appears on current page.</doc>
<arguments>
<arg>${MAIN-HOME-TAB}</arg>
</arguments>
<status status="PASS" starttime="20211111 18:41:29.735" endtime="20211111 18:41:37.770"></status>
</kw>
<status status="PASS" starttime="20211111 18:41:29.735" endtime="20211111 18:41:37.771"></status>
</kw>
<status status="PASS" starttime="20211111 18:41:27.265" endtime="20211111 18:41:37.771"></status>
</kw>
<status status="PASS" starttime="20211111 18:41:15.425" endtime="20211111 18:41:37.771" critical="yes"></status>
</test>
<test id="s1-t3" name="Home">
<kw name="Wait Until Page Does Not Contain Element" library="AppiumLibrary">
<doc>Waits until element specified with `locator` disappears from current page.</doc>
<arguments>
<arg>${NOTIFICATION}</arg>
<arg>10</arg>
</arguments>
<status status="PASS" starttime="20211111 18:41:37.772" endtime="20211111 18:41:37.808"></status>
</kw>
<kw name="Click-HomeTab" library="Android-res">
<kw name="Click Element" library="AppiumLibrary">
<doc>Click element identified by `locator`.</doc>
<arguments>
<arg>${MAIN-HOME-TAB}</arg>
</arguments>
<msg timestamp="20211111 18:41:37.810" level="INFO">Clicking element 'id=com.snapchat.android:id/neon_add_friend_button_container'.</msg>
<status status="PASS" starttime="20211111 18:41:37.809" endtime="20211111 18:41:38.876"></status>
</kw>
<status status="PASS" starttime="20211111 18:41:37.809" endtime="20211111 18:41:38.877"></status>
</kw>
<kw name="Quick-Add" library="Android-res">
<kw name="Wait Until Page Contains Element" library="AppiumLibrary">
<doc>Waits until element specified with `locator` appears on current page.</doc>
<arguments>
<arg>${QUICKADD}</arg>
</arguments>
<status status="PASS" starttime="20211111 18:41:38.877" endtime="20211111 18:41:42.368"></status>
</kw>
<kw name="Wait Until Page Contains Element" library="AppiumLibrary">
<doc>Waits until element specified with `locator` appears on current page.</doc>
<arguments>
<arg>${QUICKADD1}</arg>
</arguments>
<status status="PASS" starttime="20211111 18:41:42.368" endtime="20211111 18:41:42.488"></status>
</kw>
<kw name="Wait Until Page Contains Element" library="AppiumLibrary">
<doc>Waits until element specified with `locator` appears on current page.</doc>
<arguments>
<arg>${ADDED-ME}</arg>
</arguments>
<status status="PASS" starttime="20211111 18:41:42.489" endtime="20211111 18:41:42.636"></status>
</kw>
<status status="PASS" starttime="20211111 18:41:38.877" endtime="20211111 18:41:42.636"></status>
</kw>
<kw name="Press Keycode" library="AppiumLibrary">
<doc>Sends a press of keycode to the device.</doc>
<arguments>
<arg>4</arg>
</arguments>
<status status="PASS" starttime="20211111 18:41:42.636" endtime="20211111 18:41:42.770"></status>
</kw>
<kw name="Wait Until Page Does Not Contain Element" library="AppiumLibrary">
<doc>Waits until element specified with `locator` disappears from current page.</doc>
<arguments>
<arg>${NOTIFICATION}</arg>
<arg>10</arg>
</arguments>
<status status="PASS" starttime="20211111 18:41:42.771" endtime="20211111 18:41:43.858"></status>
</kw>
<kw name="Click-HomeTab" library="Android-res">
<kw name="Click Element" library="AppiumLibrary">
<doc>Click element identified by `locator`.</doc>
<arguments>
<arg>${MAIN-HOME-TAB}</arg>
</arguments>
<msg timestamp="20211111 18:41:43.861" level="INFO">Clicking element 'id=com.snapchat.android:id/neon_add_friend_button_container'.</msg>
<status status="PASS" starttime="20211111 18:41:43.859" endtime="20211111 18:41:43.945"></status>
</kw>
<status status="PASS" starttime="20211111 18:41:43.859" endtime="20211111 18:41:43.945"></status>
</kw>
<status status="PASS" starttime="20211111 18:41:37.772" endtime="20211111 18:41:43.945" critical="yes"></status>
</test>
<test id="s1-t4" name="Add Everyone">
<kw name="AddAnyone" library="Android-res">
<kw name="Quick-Add" library="Android-res">
<kw name="Wait Until Page Contains Element" library="AppiumLibrary">
<doc>Waits until element specified with `locator` appears on current page.</doc>
<arguments>
<arg>${QUICKADD}</arg>
</arguments>
<status status="PASS" starttime="20211111 18:41:43.947" endtime="20211111 18:41:47.309"></status>
</kw>
<kw name="Wait Until Page Contains Element" library="AppiumLibrary">
<doc>Waits until element specified with `locator` appears on current page.</doc>
<arguments>
<arg>${QUICKADD1}</arg>
</arguments>
<status status="PASS" starttime="20211111 18:41:47.310" endtime="20211111 18:41:47.709"></status>
</kw>
<kw name="Wait Until Page Contains Element" library="AppiumLibrary">
<doc>Waits until element specified with `locator` appears on current page.</doc>
<arguments>
<arg>${ADDED-ME}</arg>
</arguments>
<status status="PASS" starttime="20211111 18:41:47.709" endtime="20211111 18:41:47.831"></status>
</kw>
<status status="PASS" starttime="20211111 18:41:43.947" endtime="20211111 18:41:47.832"></status>
</kw>
<kw name="Set Appium Timeout" library="AppiumLibrary">
<doc>Sets the timeout in seconds used by various keywords.</doc>
<arguments>
<arg>10</arg>
</arguments>
<status status="PASS" starttime="20211111 18:41:47.832" endtime="20211111 18:41:47.832">